project/build/app/outputs/mapping/release/mapping.txt
# compiler: R8
# compiler_version: 1.5.64
# min_api: 21
# pg_map_id: 9ea5811
com.example.netninja.MainActivity -> com.example.netninja.MainActivity:
    void configureFlutterEngine(io.flutter.embedding.engine.FlutterEngine) -> b
...
com.google.firestore.v1.BatchGetDocumentsRequestOrBuilder -> b.b.e.a.d:
com.google.firestore.v1.BatchGetDocumentsResponse -> b.b.e.a.e:
    com.google.protobuf.Parser PARSER -> j
    java.lang.Object result_ -> f
    com.google.protobuf.Timestamp readTime_ -> h
    com.google.protobuf.ByteString transaction_ -> g
    com.google.firestore.v1.BatchGetDocumentsResponse DEFAULT_INSTANCE -> i
    int resultCase_ -> e
    java.lang.Object dynamicMethod(com.google.protobuf.GeneratedMessageLite$MethodToInvoke,java.lang.Object,java.lang.Object) -> a
    void writeTo(com.google.protobuf.CodedOutputStream) -> a
    int getSerializedSize() -> c
    com.google.firestore.v1.Document getFound() -> l
    java.lang.String getMissing() -> m
    com.google.protobuf.Timestamp getReadTime() -> n
    com.google.firestore.v1.BatchGetDocumentsResponse$ResultCase getResultCase() -> o
    com.google.firestore.v1.BatchGetDocumentsResponse access$000() -> p
    com.google.firestore.v1.BatchGetDocumentsResponse getDefaultInstance() -> q
com.google.firestore.v1.BatchGetDocumentsResponse$1 -> b.b.e.a.e$a:
    int[] $SwitchMap$com$google$protobuf$GeneratedMessageLite$MethodToInvoke -> b
    int[] $SwitchMap$com$google$firestore$v1$BatchGetDocumentsResponse$ResultCase -> a
com.google.firestore.v1.BatchGetDocumentsResponse$Builder -> b.b.e.a.e$b:
com.google.firestore.v1.BatchGetDocumentsResponse$ResultCase -> b.b.e.a.e$c:
    com.google.firestore.v1.BatchGetDocumentsResponse$ResultCase[] $VALUES -> f
    com.google.firestore.v1.BatchGetDocumentsResponse$ResultCase MISSING -> d
    com.google.firestore.v1.BatchGetDocumentsResponse$ResultCase FOUND -> c
    com.google.firestore.v1.BatchGetDocumentsResponse$ResultCase RESULT_NOT_SET -> e
    int value -> b
    com.google.firestore.v1.BatchGetDocumentsResponse$ResultCase forNumber(int) -> a
    int getNumber() -> a
com.google.firestore.v1.BatchGetDocumentsResponseOrBuilder -> b.b.e.a.f:
com.google.firestore.v1.CommitRequest -> b.b.e.a.g:
    com.google.firestore.v1.CommitRequest DEFAULT_INSTANCE -> i
    java.lang.String database_ -> f
    com.google.protobuf.Parser PARSER -> j
    com.google.protobuf.ByteString transaction_ -> h
    com.google.protobuf.Internal$ProtobufList writes_ -> g
    int bitField0_ -> e
    void access$100(com.google.firestore.v1.CommitRequest,java.lang.String) -> a
    void access$600(com.google.firestore.v1.CommitRequest,com.google.firestore.v1.Write) -> a
    void addWrites(com.google.firestore.v1.Write) -> a
    java.lang.Object dynamicMethod(com.google.protobuf.GeneratedMessageLite$MethodToInvoke,java.lang.Object,java.lang.Object) -> a
    void setDatabase(java.lang.String) -> a
    void writeTo(com.google.protobuf.CodedOutputStream) -> a
    int getSerializedSize() -> c
    java.lang.String getDatabase() -> l
    com.google.firestore.v1.CommitRequest access$000() -> m
    void ensureWritesIsMutable() -> n
    com.google.firestore.v1.CommitRequest getDefaultInstance() -> o
    com.google.firestore.v1.CommitRequest$Builder newBuilder() -> p
com.google.firestore.v1.CommitRequest$1 -> b.b.e.a.g$a:
    int[] $SwitchMap$com$google$protobuf$GeneratedMessageLite$MethodToInvoke -> a
com.google.firestore.v1.CommitRequest$Builder -> b.b.e.a.g$b:
    com.google.firestore.v1.CommitRequest$Builder addWrites(com.google.firestore.v1.Write) -> a
    com.google.firestore.v1.CommitRequest$Builder setDatabase(java.lang.String) -> a
com.google.firestore.v1.CommitRequestOrBuilder -> b.b.e.a.h: